<?xml version="1.0" encoding="UTF-8"?>
<testsuite name="MainPort" tests="1" skipped="0" failures="0" errors="0" timestamp="2022-11-14T15:46:43" hostname="DESKTOP-8IFSH82" time="0.722">
  <properties/>
  <testcase name="Testing types of access port" classname="MainPort" time="0.722"/>
  <system-out><![CDATA[]]></system-out>
  <system-err><![CDATA[]]></system-err>
</testsuite>
